<?xml version="1.0" encoding="UTF-8"?>
<!-- Generated by org.testng.reporters.JUnitReportReporter -->
<testsuite skipped="0" hostname="Ahmed-lap" name="org.example.testRunner.runners" tests="14" failures="0" timestamp="2022-12-06T17:12:05 EET" time="588.777" errors="0">
  <testcase name="runScenario" time="22.962" classname="org.example.testRunner.runners"/>
  <system-out/>
  <testcase name="runScenario" time="51.249" classname="org.example.testRunner.runners"/>
  <system-out/>
  <testcase name="runScenario" time="26.056" classname="org.example.testRunner.runners"/>
  <system-out/>
  <testcase name="runScenario" time="20.943" classname="org.example.testRunner.runners"/>
  <system-out/>
  <testcase name="runScenario" time="99.526" classname="org.example.testRunner.runners"/>
  <system-out/>
  <testcase name="runScenario" time="19.458" classname="org.example.testRunner.runners"/>
  <system-out/>
  <testcase name="runScenario" time="22.079" classname="org.example.testRunner.runners"/>
  <system-out/>
  <testcase name="runScenario" time="32.088" classname="org.example.testRunner.runners"/>
  <system-out/>
  <testcase name="runScenario" time="98.188" classname="org.example.testRunner.runners"/>
  <system-out/>
  <testcase name="runScenario" time="32.907" classname="org.example.testRunner.runners"/>
  <system-out/>
  <testcase name="runScenario" time="19.517" classname="org.example.testRunner.runners"/>
  <system-out/>
  <testcase name="runScenario" time="61.408" classname="org.example.testRunner.runners"/>
  <system-out/>
  <testcase name="runScenario" time="45.844" classname="org.example.testRunner.runners"/>
  <system-out/>
  <testcase name="runScenario" time="36.552" classname="org.example.testRunner.runners"/>
  <system-out/>
</testsuite> <!-- org.example.testRunner.runners -->
